<?xml version="1.0" encoding="UTF-8"?>
<!-- Generated by org.testng.reporters.JUnitReportReporter -->
<testsuite skipped="0" hostname="buzzybrains-Latitude-3480" name="DBManager.NewDBConnection" tests="1" failures="0" timestamp="18 Dec 2020 08:51:26 GMT" time="5.445" errors="0">
  <testcase name="getAuthenticationUsingUsernameAndPassword" time="5.445" classname="DBManager.NewDBConnection"/>
</testsuite> <!-- DBManager.NewDBConnection -->
