<?xml version="1.0" encoding="UTF-8"?>
<!-- Generated by org.testng.reporters.JUnitReportReporter -->
<testsuite skipped="0" hostname="buzzybrains-Latitude-3480" name="DBManager.DBCleverground" tests="1" failures="0" timestamp="08 Dec 2020 10:05:52 GMT" time="0.166" errors="0">
  <testcase name="test" time="0.166" classname="DBManager.DBCleverground"/>
</testsuite> <!-- DBManager.DBCleverground -->
