<?xml version="1.0" encoding="UTF-8"?>
<!-- Generated by org.testng.reporters.JUnitReportReporter -->
<testsuite skipped="0" hostname="buzzybrains-Latitude-3480" name="DBManager.DBConnectionManager" tests="1" failures="0" timestamp="09 Dec 2020 04:57:52 GMT" time="0.010" errors="0">
  <testcase name="test" time="0.010" classname="DBManager.DBConnectionManager"/>
</testsuite> <!-- DBManager.DBConnectionManager -->
