<?xml version="1.0" encoding="UTF-8"?>
<!-- Generated by org.testng.reporters.JUnitReportReporter -->
<testsuite skipped="0" hostname="buzzybrains-Latitude-3480" name="Demo_GET_Request" tests="1" failures="0" timestamp="11 Nov 2020 09:05:10 GMT" time="1043.823" errors="0">
  <testcase name="get_list_of_users" time="1043.823" classname="Demo_GET_Request"/>
</testsuite> <!-- Demo_GET_Request -->
