<?xml version="1.0" encoding="UTF-8"?>
<!-- Generated by org.testng.reporters.JUnitReportReporter -->
<testsuite skipped="0" hostname="buzzybrains-Latitude-3480" name="DBManager.TestClass" tests="1" failures="0" timestamp="18 Dec 2020 09:20:11 GMT" time="32.925" errors="0">
  <testcase name="BearerTokedValidation" time="32.925" classname="DBManager.TestClass"/>
</testsuite> <!-- DBManager.TestClass -->
