<?xml version="1.0" encoding="UTF-8"?>
<!-- Generated by org.testng.reporters.JUnitReportReporter -->
<testsuite skipped="0" hostname="buzzybrains-Latitude-3480" name="DBManager.GradingManagement" tests="1" failures="0" timestamp="17 Dec 2020 10:07:47 GMT" time="10.734" errors="0">
  <testcase name="createUser" time="10.734" classname="DBManager.GradingManagement"/>
</testsuite> <!-- DBManager.GradingManagement -->
