<?xml version="1.0" encoding="UTF-8"?>
<!-- Generated by org.testng.reporters.JUnitReportReporter -->
<testsuite skipped="0" hostname="buzzybrains-Latitude-3480" name="Pages.UserRegistration" tests="1" failures="0" timestamp="05 Jan 2021 05:11:10 GMT" time="4.222" errors="0">
  <testcase name="getAuthToken" time="4.222" classname="Pages.UserRegistration"/>
</testsuite> <!-- Pages.UserRegistration -->
