<?xml version="1.0" encoding="UTF-8"?>
<!-- Generated by org.testng.reporters.JUnitReportReporter -->
<testsuite skipped="0" hostname="buzzybrains-Latitude-3480" name="Pages.LoginPage" tests="1" failures="0" timestamp="05 Jan 2021 05:03:26 GMT" time="2.406" errors="0">
  <testcase name="getAdminWList" time="2.406" classname="Pages.LoginPage"/>
</testsuite> <!-- Pages.LoginPage -->
