<?xml version="1.0" encoding="UTF-8"?>
<!-- Generated by org.testng.reporters.JUnitReportReporter -->
<testsuite skipped="0" hostname="buzzybrains-Latitude-3480" name="TestBase" tests="1" failures="0" timestamp="28 Dec 2020 06:06:58 GMT" time="11.129" errors="0">
  <testcase name="getAuthToken" time="11.129" classname="TestBase"/>
</testsuite> <!-- TestBase -->
