<?xml version="1.0" encoding="UTF-8"?>
<!-- Generated by org.testng.reporters.JUnitReportReporter -->
<testsuite skipped="0" hostname="buzzybrains-Latitude-3480" name="Pages.ContentWriter" tests="1" failures="0" timestamp="05 Jan 2021 05:01:39 GMT" time="2.036" errors="0">
  <testcase name="addContentwriter" time="2.036" classname="Pages.ContentWriter"/>
</testsuite> <!-- Pages.ContentWriter -->
